================ Configuration du cache ================
Paramètres du fichier :
	30000 enregistrements 480000 octets totaux
Paramètres du cache :
	30 blocs 10 enregistrements/bloc 16 octets/enregistrement
	160 octets/bloc 4800 octets totaux
	Rapport cache/fichier : 1.00 %
	Stratégie : RAND
Paramètres des tests :
	Nombre d'accès : 90000
	Rapport lectures/écritures : 10
	Nombre maximum accès séquentiels : 5
	Nombre de Working Sets : 100
	Largeur de la fenêtre de localité : 300
	Fréquence de déréférençage pour NUR : 100
========================================================

Test_1 : boucle de lecture séquentielle : 
	29999 lectures 30000 écritures 56887 succès (94.8 %)
	60 syncs 0 déréférençages

Test_2 : boucle écriture aléatoire : 
	0 lectures 90000 écritures 888 succès (1.0 %)
	91 syncs 0 déréférençages

Test_3 : boucle lecture/écriture aléatoire : 
	81000 lectures 9000 écritures 49023 succès (54.5 %)
	91 syncs 0 déréférençages

Test_4 : boucle lecture/écriture aléatoire avec localité : 
	80926 lectures 9074 écritures 79240 succès (88.0 %)
	91 syncs 0 déréférençages

Test_5 : boucle lecture/écriture séquentielle avec localité : 
	81179 lectures 8821 écritures 79479 succès (88.3 %)
	91 syncs 0 déréférençages
